<?xml version="1.0" encoding="UTF-8"?>
<!-- Generated by org.testng.reporters.JUnitReportReporter -->
<testsuite hostname="DESKTOP-MH5S81H" failures="0" tests="1" name="tuto.eclipse.testCases.TestBookingJAL1" time="21.971" errors="0" timestamp="04 juin 2019 13:38:55 GMT" skipped="0">
  <testcase classname="tuto.eclipse.testCases.TestBookingJAL1" name="testBooking1" time="21.971"/>
</testsuite> <!-- tuto.eclipse.testCases.TestBookingJAL1 -->
